\BOOKMARK [1][-]{section.1}{\376\377\0001\000\040\000O\000b\000j\000e\000c\000t\000i\000v\000e\000s}{}% 1
\BOOKMARK [1][-]{section.2}{\376\377\0002\000\040\000T\000i\000m\000e\000\040\000A\000r\000c\000h\000i\000t\000e\000c\000t\000u\000r\000e\000\040\000\050\000C\000h\000a\000i\000n\000\040\000[\0002\000.\0001\000]\000\051}{}% 2
\BOOKMARK [1][-]{section.3}{\376\377\0003\000\040\000E\000p\000o\000c\000h\000\040\000E\000l\000e\000c\000t\000i\000o\000n}{}% 3
\BOOKMARK [2][-]{subsection.3.1}{\376\377\0003\000.\0001\000\040\000B\000a\000n\000d\000w\000i\000d\000t\000h\000\040\000P\000r\000o\000o\000f\000s}{section.3}% 4
\BOOKMARK [3][-]{subsubsection.3.1.1}{\376\377\0003\000.\0001\000.\0001\000\040\000C\000r\000e\000a\000t\000i\000n\000g\000\040\000P\000r\000o\000o\000f\000\040\000\050\000N\000o\000d\000e\000\051}{subsection.3.1}% 5
\BOOKMARK [3][-]{subsubsection.3.1.2}{\376\377\0003\000.\0001\000.\0002\000\040\000A\000t\000t\000e\000s\000t\000i\000n\000g\000\040\000P\000r\000o\000o\000f\000\040\000\050\000S\000c\000r\000i\000p\000t\000\051}{subsection.3.1}% 6
\BOOKMARK [3][-]{subsubsection.3.1.3}{\376\377\0003\000.\0001\000.\0003\000\040\000S\000e\000l\000e\000c\000t\000i\000o\000n\000\040\000o\000f\000\040\000P\000r\000o\000o\000f\000\040\000\050\000N\000o\000d\000e\000\051}{subsection.3.1}% 7
\BOOKMARK [2][-]{subsection.3.2}{\376\377\0003\000.\0002\000\040\000V\000o\000t\000e\000\040\000o\000f\000\040\000C\000o\000n\000f\000i\000d\000e\000n\000c\000e\000\040\000\050\000R\000e\000m\000o\000v\000a\000l\000\040\000o\000f\000\040\000N\000o\000d\000e\000s\000\051}{section.3}% 8
\BOOKMARK [3][-]{subsubsection.3.2.1}{\376\377\0003\000.\0002\000.\0001\000\040\000S\000e\000l\000e\000c\000t\000i\000o\000n\000\040\000o\000f\000\040\000U\000n\000-\000f\000i\000t\000\040\000N\000o\000d\000e\000s\000\040\000\050\000N\000o\000d\000e\000\051}{subsection.3.2}% 9
\BOOKMARK [3][-]{subsubsection.3.2.2}{\376\377\0003\000.\0002\000.\0002\000\040\000P\000a\000r\000t\000i\000c\000i\000p\000a\000t\000i\000o\000n\000\040\000b\000y\000\040\000V\000o\000t\000i\000n\000g\000\040\000\050\000S\000c\000r\000i\000p\000t\000\051}{subsection.3.2}% 10
\BOOKMARK [3][-]{subsubsection.3.2.3}{\376\377\0003\000.\0002\000.\0003\000\040\000E\000l\000i\000m\000i\000n\000a\000t\000i\000o\000n\000\040\000\046\000\040\000R\000e\000s\000u\000l\000t\000\040\000\050\000C\000h\000a\000i\000n\000\051}{subsection.3.2}% 11
\BOOKMARK [2][-]{subsection.3.3}{\376\377\0003\000.\0003\000\040\000P\000r\000o\000d\000u\000c\000e\000r\000\040\000A\000r\000r\000i\000v\000a\000l}{section.3}% 12
\BOOKMARK [3][-]{subsubsection.3.3.1}{\376\377\0003\000.\0003\000.\0001\000\040\000R\000e\000p\000e\000a\000t\000e\000d\000\040\000\050\000B\000a\000n\000d\000w\000i\000d\000t\000h\000\040\000P\000r\000o\000o\000f\000\051}{subsection.3.3}% 13
\BOOKMARK [3][-]{subsubsection.3.3.2}{\376\377\0003\000.\0003\000.\0002\000\040\000S\000e\000l\000e\000c\000t\000i\000o\000n\000\040\000o\000f\000\040\000P\000r\000o\000o\000f\000s\000\040\000\050\000N\000o\000d\000e\000\051}{subsection.3.3}% 14
\BOOKMARK [3][-]{subsubsection.3.3.3}{\376\377\0003\000.\0003\000.\0003\000\040\000C\000o\000n\000t\000e\000s\000t\000a\000n\000t\000\040\000R\000e\000s\000u\000l\000t\000s\000\040\000\050\000C\000h\000a\000i\000n\000\051}{subsection.3.3}% 15
\BOOKMARK [2][-]{subsection.3.4}{\376\377\0003\000.\0004\000\040\000A\000l\000l\000o\000c\000a\000t\000i\000o\000n\000\040\000o\000f\000\040\000L\000e\000a\000d\000e\000r\000s}{section.3}% 16
\BOOKMARK [2][-]{subsection.3.5}{\376\377\0003\000.\0005\000\040\000C\000o\000l\000l\000a\000t\000e\000r\000a\000l\000i\000z\000a\000t\000i\000o\000n}{section.3}% 17
\BOOKMARK [2][-]{subsection.3.6}{\376\377\0003\000.\0006\000\040\000B\000l\000o\000c\000k\000\040\000S\000i\000z\000e\000\040\000\046\000\040\000T\000i\000m\000e}{section.3}% 18
\BOOKMARK [3][-]{subsubsection.3.6.1}{\376\377\0003\000.\0006\000.\0001\000\040\000P\000r\000o\000o\000f\000\040\000S\000e\000l\000e\000c\000t\000i\000o\000n\000\040\000\050\000N\000o\000d\000e\000\051}{subsection.3.6}% 19
\BOOKMARK [3][-]{subsubsection.3.6.2}{\376\377\0003\000.\0006\000.\0002\000\040\000B\000l\000o\000c\000k\000\040\000S\000i\000z\000e\000\040\000p\000e\000r\000\040\000s\000e\000c\000\040\000F\000i\000x\000i\000n\000g\000\040\000\050\000C\000h\000a\000i\000n\000\051}{subsection.3.6}% 20
\BOOKMARK [3][-]{subsubsection.3.6.3}{\376\377\0003\000.\0006\000.\0003\000\040\000B\000l\000o\000c\000k\000\040\000T\000i\000m\000e\000\040\000F\000i\000x\000i\000n\000g\000\040\000\050\000C\000h\000a\000i\000n\000\051}{subsection.3.6}% 21
\BOOKMARK [3][-]{subsubsection.3.6.4}{\376\377\0003\000.\0006\000.\0004\000\040\000P\000e\000r\000\040\000B\000l\000o\000c\000k\000\040\000S\000i\000z\000e\000\040\000F\000i\000x\000i\000n\000g\000\040\000\050\000N\000o\000d\000e\000\051}{subsection.3.6}% 22
\BOOKMARK [1][-]{section.4}{\376\377\0004\000\040\000L\000e\000g\000a\000t\000e\000s}{}% 23
\BOOKMARK [1][-]{section.5}{\376\377\0005\000\040\000B\000l\000i\000n\000k\000\040\000C\000l\000o\000c\000k\000s}{}% 24
\BOOKMARK [1][-]{section.6}{\376\377\0006\000\040\000H\000a\000s\000h\000-\000R\000e\000w\000a\000r\000d\000\040\000T\000a\000b\000l\000e}{}% 25
