\BOOKMARK [1][-]{section.1}{\376\377\0001\000\040\000O\000b\000j\000e\000c\000t\000i\000v\000e\000s}{}% 1
\BOOKMARK [1][-]{section.2}{\376\377\0002\000\040\000T\000i\000m\000e\000\040\000A\000r\000c\000h\000i\000t\000e\000c\000t\000u\000r\000e\000\040\000[\0002\000.\0001\000]}{}% 2
\BOOKMARK [1][-]{section.3}{\376\377\0003\000\040\000E\000p\000o\000c\000h\000\040\000E\000l\000e\000c\000t\000i\000o\000n}{}% 3
\BOOKMARK [2][-]{subsection.3.1}{\376\377\0003\000.\0001\000\040\000B\000a\000n\000d\000w\000i\000d\000t\000h\000\040\000P\000r\000o\000o\000f}{section.3}% 4
\BOOKMARK [3][-]{subsubsection.3.1.1}{\376\377\0003\000.\0001\000.\0001\000\040\000A\000t\000t\000e\000s\000t\000i\000n\000g\000\040\000P\000r\000o\000o\000f\000\040\000\050\000S\000c\000r\000i\000p\000t\000\051}{subsection.3.1}% 5
\BOOKMARK [3][-]{subsubsection.3.1.2}{\376\377\0003\000.\0001\000.\0002\000\040\000S\000e\000l\000e\000c\000t\000i\000o\000n\000\040\000o\000f\000\040\000P\000r\000o\000o\000f\000\040\000\050\000N\000o\000d\000e\000\051}{subsection.3.1}% 6
\BOOKMARK [2][-]{subsection.3.2}{\376\377\0003\000.\0002\000\040\000V\000o\000t\000e\000\040\000o\000f\000\040\000C\000o\000n\000f\000i\000d\000e\000n\000c\000e\000\040\000\050\000R\000e\000m\000o\000v\000a\000l\000\040\000o\000f\000\040\000N\000o\000d\000e\000s\000\051}{section.3}% 7
\BOOKMARK [3][-]{subsubsection.3.2.1}{\376\377\0003\000.\0002\000.\0001\000\040\000S\000e\000l\000e\000c\000t\000i\000o\000n\000\040\000o\000f\000\040\000U\000n\000-\000f\000i\000t\000\040\000N\000o\000d\000e\000s\000\040\000\050\000N\000o\000d\000e\000\051}{subsection.3.2}% 8
\BOOKMARK [3][-]{subsubsection.3.2.2}{\376\377\0003\000.\0002\000.\0002\000\040\000P\000a\000r\000t\000i\000c\000i\000p\000a\000t\000i\000o\000n\000\040\000b\000y\000\040\000V\000o\000t\000i\000n\000g\000\040\000\050\000S\000c\000r\000i\000p\000t\000\051}{subsection.3.2}% 9
\BOOKMARK [3][-]{subsubsection.3.2.3}{\376\377\0003\000.\0002\000.\0003\000\040\000E\000l\000i\000m\000i\000n\000a\000t\000i\000o\000n\000\040\000\046\000\040\000R\000e\000s\000u\000l\000t\000\040\000\050\000C\000h\000a\000i\000n\000\051}{subsection.3.2}% 10
\BOOKMARK [2][-]{subsection.3.3}{\376\377\0003\000.\0003\000\040\000P\000r\000o\000d\000u\000c\000e\000r\000\040\000A\000r\000r\000i\000v\000a\000l}{section.3}% 11
\BOOKMARK [3][-]{subsubsection.3.3.1}{\376\377\0003\000.\0003\000.\0001\000\040\000R\000e\000p\000e\000a\000t\000e\000d\000\040\000\050\000B\000a\000n\000d\000w\000i\000d\000t\000h\000\040\000P\000r\000o\000o\000f\000\051}{subsection.3.3}% 12
\BOOKMARK [3][-]{subsubsection.3.3.2}{\376\377\0003\000.\0003\000.\0002\000\040\000S\000e\000l\000e\000c\000t\000i\000o\000n\000\040\000o\000f\000\040\000P\000r\000o\000o\000f\000s\000\040\000\050\000N\000o\000d\000e\000\051}{subsection.3.3}% 13
\BOOKMARK [3][-]{subsubsection.3.3.3}{\376\377\0003\000.\0003\000.\0003\000\040\000C\000o\000n\000t\000e\000s\000t\000a\000n\000t\000\040\000R\000e\000s\000u\000l\000t\000s\000\040\000\050\000C\000h\000a\000i\000n\000\051}{subsection.3.3}% 14
\BOOKMARK [2][-]{subsection.3.4}{\376\377\0003\000.\0004\000\040\000A\000l\000l\000o\000c\000a\000t\000i\000o\000n\000\040\000o\000f\000\040\000L\000e\000a\000d\000e\000r\000s}{section.3}% 15
\BOOKMARK [2][-]{subsection.3.5}{\376\377\0003\000.\0005\000\040\000S\000t\000a\000k\000e\000\040\000U\000T\000X\000O\000\040\000C\000r\000e\000a\000t\000i\000o\000n}{section.3}% 16
\BOOKMARK [2][-]{subsection.3.6}{\376\377\0003\000.\0006\000\040\000B\000l\000o\000c\000k\000\040\000S\000i\000z\000e\000\040\000\046\000\040\000T\000i\000m\000e}{section.3}% 17
\BOOKMARK [3][-]{subsubsection.3.6.1}{\376\377\0003\000.\0006\000.\0001\000\040\000P\000r\000o\000o\000f\000\040\000S\000e\000l\000e\000c\000t\000i\000o\000n\000\040\000\050\000N\000o\000d\000e\000\051}{subsection.3.6}% 18
\BOOKMARK [3][-]{subsubsection.3.6.2}{\376\377\0003\000.\0006\000.\0002\000\040\000B\000l\000o\000c\000k\000\040\000S\000i\000z\000e\000\040\000p\000e\000r\000\040\000s\000e\000c\000\040\000F\000i\000x\000i\000n\000g\000\040\000\050\000C\000h\000a\000i\000n\000\051}{subsection.3.6}% 19
\BOOKMARK [3][-]{subsubsection.3.6.3}{\376\377\0003\000.\0006\000.\0003\000\040\000B\000l\000o\000c\000k\000\040\000T\000i\000m\000e\000\040\000F\000i\000x\000i\000n\000g\000\040\000\050\000C\000h\000a\000i\000n\000\051}{subsection.3.6}% 20
\BOOKMARK [3][-]{subsubsection.3.6.4}{\376\377\0003\000.\0006\000.\0004\000\040\000P\000e\000r\000\040\000B\000l\000o\000c\000k\000\040\000S\000i\000z\000e\000\040\000F\000i\000x\000i\000n\000g\000\040\000\050\000N\000o\000d\000e\000\051}{subsection.3.6}% 21
\BOOKMARK [1][-]{section.4}{\376\377\0004\000\040\000S\000c\000r\000i\000p\000t\000s\000\040\000\046\000\040\000P\000r\000o\000o\000f\000s}{}% 22
\BOOKMARK [2][-]{subsection.4.1}{\376\377\0004\000.\0001\000\040\000S\000t\000a\000k\000e\000\040\000U\000T\000X\000O}{section.4}% 23
\BOOKMARK [2][-]{subsection.4.2}{\376\377\0004\000.\0002\000\040\000O\000r\000a\000c\000l\000e\000\040\000D\000a\000t\000a\000\040\000U\000T\000X\000O}{section.4}% 24
\BOOKMARK [2][-]{subsection.4.3}{\376\377\0004\000.\0003\000\040\000O\000r\000a\000c\000l\000e\000\040\000F\000u\000n\000d\000\040\000U\000T\000X\000O}{section.4}% 25
\BOOKMARK [2][-]{subsection.4.4}{\376\377\0004\000.\0004\000\040\000O\000r\000a\000c\000l\000e\000\040\000R\000e\000p\000u\000t\000a\000t\000i\000o\000n\000\040\000U\000T\000X\000O}{section.4}% 26
\BOOKMARK [2][-]{subsection.4.5}{\376\377\0004\000.\0005\000\040\000B\000a\000n\000d\000w\000i\000d\000t\000h\000\040\000P\000r\000o\000o\000f\000s}{section.4}% 27
\BOOKMARK [2][-]{subsection.4.6}{\376\377\0004\000.\0006\000\040\000I\000H\000R\000\040\000P\000r\000o\000o\000f\000s}{section.4}% 28
\BOOKMARK [1][-]{section.5}{\376\377\0005\000\040\000O\000r\000a\000c\000l\000e\000s}{}% 29
\BOOKMARK [1][-]{section.6}{\376\377\0006\000\040\000G\000o\000s\000s\000i\000p\000\040\000P\000r\000o\000t\000o\000c\000o\000l}{}% 30
\BOOKMARK [2][-]{subsection.6.1}{\376\377\0006\000.\0001\000\040\000U\000n\000-\000c\000o\000n\000f\000i\000r\000m\000e\000d}{section.6}% 31
\BOOKMARK [3][-]{subsubsection.6.1.1}{\376\377\0006\000.\0001\000.\0001\000\040\000D\000i\000r\000e\000c\000t\000\040\000C\000o\000n\000n\000e\000c\000t\000i\000o\000n\000\040\000M\000e\000s\000s\000a\000g\000i\000n\000g}{subsection.6.1}% 32
\BOOKMARK [2][-]{subsection.6.2}{\376\377\0006\000.\0002\000\040\000C\000o\000n\000f\000i\000r\000m\000e\000d}{section.6}% 33
\BOOKMARK [3][-]{subsubsection.6.2.1}{\376\377\0006\000.\0002\000.\0001\000\040\000P\000r\000i\000o\000r\000i\000t\000y\000\040\000L\000i\000s\000t}{subsection.6.2}% 34
\BOOKMARK [3][-]{subsubsection.6.2.2}{\376\377\0006\000.\0002\000.\0002\000\040\000D\000i\000r\000e\000c\000t\000\040\000M\000e\000s\000s\000a\000g\000i\000n\000g}{subsection.6.2}% 35
\BOOKMARK [3][-]{subsubsection.6.2.3}{\376\377\0006\000.\0002\000.\0003\000\040\000R\000a\000n\000d\000o\000m\000\040\000R\000u\000m\000o\000r\000i\000n\000g}{subsection.6.2}% 36
\BOOKMARK [1][-]{section.7}{\376\377\0007\000\040\000M\000e\000m\000p\000o\000o\000l\000\040\000A\000c\000t\000i\000v\000e\000\040\000V\000a\000l\000i\000d\000a\000t\000i\000o\000n}{}% 37
\BOOKMARK [2][-]{subsection.7.1}{\376\377\0007\000.\0001\000\040\000U\000n\000-\000C\000o\000n\000f\000i\000r\000m\000e\000d\000\040\000T\000x}{section.7}% 38
\BOOKMARK [3][-]{subsubsection.7.1.1}{\376\377\0007\000.\0001\000.\0001\000\040\000P\000r\000o\000p\000a\000g\000a\000t\000i\000o\000n\000\040\000t\000o\000\040\000L\000e\000a\000d\000e\000r\000'\000s\000\040\000G\000l\000o\000b\000a\000l\000\040\000M\000e\000m\000p\000o\000o\000l}{subsection.7.1}% 39
\BOOKMARK [2][-]{subsection.7.2}{\376\377\0007\000.\0002\000\040\000G\000l\000o\000b\000a\000l\000\040\000M\000e\000m\000p\000o\000o\000l\000\040\000T\000x\000\040\000V\000a\000l\000i\000d\000a\000t\000i\000o\000n}{section.7}% 40
\BOOKMARK [3][-]{subsubsection.7.2.1}{\376\377\0007\000.\0002\000.\0001\000\040\000C\000l\000i\000e\000n\000t\000-\000W\000i\000t\000n\000e\000s\000s\000\040\000V\000a\000l\000i\000d\000a\000t\000i\000o\000n}{subsection.7.2}% 41
\BOOKMARK [3][-]{subsubsection.7.2.2}{\376\377\0007\000.\0002\000.\0002\000\040\000S\000e\000g\000r\000e\000g\000a\000t\000i\000o\000n\000\040\000o\000f\000\040\000U\000n\000-\000c\000o\000n\000f\000i\000r\000m\000e\000d\000\040\000T\000o\000k\000e\000n\000s}{subsection.7.2}% 42
\BOOKMARK [3][-]{subsubsection.7.2.3}{\376\377\0007\000.\0002\000.\0003\000\040\000A\000l\000l\000o\000c\000a\000t\000i\000o\000n\000\040\000p\000e\000r\000\040\000P\000a\000c\000k\000e\000t\000\040\000L\000e\000a\000d\000e\000r}{subsection.7.2}% 43
\BOOKMARK [2][-]{subsection.7.3}{\376\377\0007\000.\0003\000\040\000L\000o\000c\000a\000l\000\040\000M\000e\000m\000p\000o\000o\000l\000\040\000T\000x\000\040\000V\000a\000l\000i\000d\000a\000t\000i\000o\000n}{section.7}% 44
\BOOKMARK [3][-]{subsubsection.7.3.1}{\376\377\0007\000.\0003\000.\0001\000\040\000V\000a\000n\000i\000t\000y\000\040\000V\000a\000l\000i\000d\000a\000t\000i\000o\000n}{subsection.7.3}% 45
\BOOKMARK [3][-]{subsubsection.7.3.2}{\376\377\0007\000.\0003\000.\0002\000\040\000T\000a\000x\000\040\000V\000a\000l\000i\000d\000a\000t\000i\000o\000n}{subsection.7.3}% 46
\BOOKMARK [3][-]{subsubsection.7.3.3}{\376\377\0007\000.\0003\000.\0003\000\040\000F\000e\000e\000\040\000V\000a\000l\000i\000d\000a\000t\000i\000o\000n}{subsection.7.3}% 47
\BOOKMARK [3][-]{subsubsection.7.3.4}{\376\377\0007\000.\0003\000.\0004\000\040\000C\000l\000i\000e\000n\000t\000-\000W\000i\000t\000n\000e\000s\000s\000\040\000V\000a\000l\000i\000d\000a\000t\000i\000o\000n}{subsection.7.3}% 48
\BOOKMARK [3][-]{subsubsection.7.3.5}{\376\377\0007\000.\0003\000.\0005\000\040\000F\000i\000n\000i\000t\000e\000\040\000S\000c\000r\000i\000p\000t\000\040\000V\000a\000l\000i\000d\000a\000t\000i\000o\000n}{subsection.7.3}% 49
\BOOKMARK [3][-]{subsubsection.7.3.6}{\376\377\0007\000.\0003\000.\0006\000\040\000S\000t\000a\000b\000l\000e\000-\000T\000a\000x\000\040\000T\000x\000\040\000V\000a\000l\000i\000d\000a\000t\000i\000o\000n}{subsection.7.3}% 50
\BOOKMARK [3][-]{subsubsection.7.3.7}{\376\377\0007\000.\0003\000.\0007\000\040\000D\000u\000s\000t\000-\000P\000u\000r\000g\000i\000n\000g\000\040\000T\000x\000\040\000V\000a\000l\000i\000d\000a\000t\000i\000o\000n}{subsection.7.3}% 51
\BOOKMARK [1][-]{section.8}{\376\377\0008\000\040\000S\000n\000i\000p\000s\000\040\000V\000a\000l\000i\000d\000a\000t\000i\000o\000n}{}% 52
\BOOKMARK [2][-]{subsection.8.1}{\376\377\0008\000.\0001\000\040\000C\000o\000m\000m\000o\000n\000\040\000V\000a\000l\000i\000d\000a\000t\000i\000o\000n}{section.8}% 53
\BOOKMARK [3][-]{subsubsection.8.1.1}{\376\377\0008\000.\0001\000.\0001\000\040\000G\000e\000n\000e\000s\000i\000s\000\040\000C\000l\000o\000c\000k\000\040\000S\000p\000a\000c\000e\000s}{subsection.8.1}% 54
\BOOKMARK [3][-]{subsubsection.8.1.2}{\376\377\0008\000.\0001\000.\0002\000\040\000F\000e\000e\000,\000\040\000O\000r\000a\000c\000l\000e\000\040\000R\000a\000t\000e\000\040\000A\000s\000s\000i\000g\000n\000m\000e\000n\000t\000\040\000\046\000\040\000U\000p\000d\000a\000t\000e}{subsection.8.1}% 55
\BOOKMARK [3][-]{subsubsection.8.1.3}{\376\377\0008\000.\0001\000.\0003\000\040\000S\000n\000i\000p\000\040\000P\000o\000o\000l\000\040\000G\000r\000a\000p\000h\000i\000n\000g}{subsection.8.1}% 56
\BOOKMARK [2][-]{subsection.8.2}{\376\377\0008\000.\0002\000\040\000C\000o\000l\000l\000a\000t\000e\000r\000a\000l\000\040\000S\000n\000i\000p}{section.8}% 57
\BOOKMARK [3][-]{subsubsection.8.2.1}{\376\377\0008\000.\0002\000.\0001\000\040\000P\000o\000s\000i\000t\000i\000o\000n\000\040\000U\000p\000d\000a\000t\000e}{subsection.8.2}% 58
\BOOKMARK [3][-]{subsubsection.8.2.2}{\376\377\0008\000.\0002\000.\0002\000\040\000A\000u\000t\000h\000o\000r\000i\000z\000e\000d\000\040\000T\000o\000k\000e\000n\000\040\000A\000s\000s\000i\000g\000n\000m\000e\000n\000t}{subsection.8.2}% 59
\BOOKMARK [2][-]{subsection.8.3}{\376\377\0008\000.\0003\000\040\000T\000r\000a\000n\000s\000a\000c\000t\000i\000o\000n\000\040\000S\000n\000i\000p}{section.8}% 60
\BOOKMARK [3][-]{subsubsection.8.3.1}{\376\377\0008\000.\0003\000.\0001\000\040\000A\000u\000t\000h\000o\000r\000i\000z\000e\000d\000\040\000T\000o\000k\000e\000n\000\040\000V\000a\000l\000i\000d\000a\000t\000i\000o\000n}{subsection.8.3}% 61
\BOOKMARK [3][-]{subsubsection.8.3.2}{\376\377\0008\000.\0003\000.\0002\000\040\000T\000x\000\040\000V\000a\000l\000i\000d\000a\000t\000i\000o\000n}{subsection.8.3}% 62
\BOOKMARK [2][-]{subsection.8.4}{\376\377\0008\000.\0004\000\040\000C\000o\000i\000n\000b\000a\000s\000e\000\040\000S\000n\000i\000p}{section.8}% 63
\BOOKMARK [3][-]{subsubsection.8.4.1}{\376\377\0008\000.\0004\000.\0001\000\040\000F\000e\000e\000\040\000V\000a\000l\000i\000d\000a\000t\000i\000o\000n}{subsection.8.4}% 64
\BOOKMARK [3][-]{subsubsection.8.4.2}{\376\377\0008\000.\0004\000.\0002\000\040\000H\000a\000s\000h\000-\000r\000e\000w\000a\000r\000d\000\040\000V\000a\000l\000i\000d\000a\000t\000i\000o\000n}{subsection.8.4}% 65
\BOOKMARK [3][-]{subsubsection.8.4.3}{\376\377\0008\000.\0004\000.\0003\000\040\000C\000T\000\040\000D\000e\000a\000l\000\040\000V\000a\000l\000i\000d\000a\000t\000i\000o\000n}{subsection.8.4}% 66
\BOOKMARK [3][-]{subsubsection.8.4.4}{\376\377\0008\000.\0004\000.\0004\000\040\000P\000o\000s\000i\000t\000i\000o\000n\000\040\000U\000p\000d\000a\000t\000e}{subsection.8.4}% 67
\BOOKMARK [3][-]{subsubsection.8.4.5}{\376\377\0008\000.\0004\000.\0005\000\040\000C\000o\000m\000m\000i\000s\000s\000i\000o\000n\000\040\000V\000a\000l\000i\000d\000a\000t\000i\000o\000n}{subsection.8.4}% 68
\BOOKMARK [2][-]{subsection.8.5}{\376\377\0008\000.\0005\000\040\000K\000a\000m\000i\000k\000a\000z\000e\000\040\000S\000n\000i\000p}{section.8}% 69
\BOOKMARK [3][-]{subsubsection.8.5.1}{\376\377\0008\000.\0005\000.\0001\000\040\000V\000a\000l\000i\000d\000a\000t\000i\000o\000n}{subsection.8.5}% 70
\BOOKMARK [3][-]{subsubsection.8.5.2}{\376\377\0008\000.\0005\000.\0002\000\040\000A\000t\000t\000e\000s\000t\000i\000n\000g}{subsection.8.5}% 71
\BOOKMARK [1][-]{section.9}{\376\377\0009\000\040\000S\000n\000i\000p\000s\000\040\000R\000e\000j\000e\000c\000t\000i\000o\000n}{}% 72
\BOOKMARK [2][-]{subsection.9.1}{\376\377\0009\000.\0001\000\040\000P\000a\000t\000t\000e\000r\000n\000\040\000I\000d\000e\000n\000t\000i\000f\000i\000c\000a\000t\000i\000o\000n}{section.9}% 73
\BOOKMARK [2][-]{subsection.9.2}{\376\377\0009\000.\0002\000\040\000K\000a\000m\000i\000k\000a\000z\000e\000\040\000P\000r\000o\000o\000f\000\040\000C\000o\000n\000s\000t\000r\000u\000c\000t\000i\000o\000n}{section.9}% 74
\BOOKMARK [1][-]{section.10}{\376\377\0001\0000\000\040\000S\000n\000i\000p\000s\000\040\000C\000o\000n\000s\000t\000r\000u\000c\000t\000i\000o\000n}{}% 75
\BOOKMARK [2][-]{subsection.10.1}{\376\377\0001\0000\000.\0001\000\040\000C\000o\000m\000m\000o\000n\000-\000A\000c\000t\000i\000v\000e\000\040\000F\000u\000n\000c\000t\000i\000o\000n\000s}{section.10}% 76
\BOOKMARK [3][-]{subsubsection.10.1.1}{\376\377\0001\0000\000.\0001\000.\0001\000\040\000C\000l\000o\000c\000k\000\040\000H\000a\000s\000h\000-\000C\000o\000n\000c\000a\000t\000e}{subsection.10.1}% 77
\BOOKMARK [3][-]{subsubsection.10.1.2}{\376\377\0001\0000\000.\0001\000.\0002\000\040\000F\000e\000e\000,\000\040\000O\000r\000a\000c\000l\000e\000\040\000R\000a\000t\000e\000\040\000A\000s\000s\000i\000g\000n\000m\000e\000n\000t\000\040\000\046\000\040\000U\000p\000d\000a\000t\000e}{subsection.10.1}% 78
\BOOKMARK [2][-]{subsection.10.2}{\376\377\0001\0000\000.\0002\000\040\000C\000o\000l\000l\000a\000t\000e\000r\000a\000l\000\040\000S\000n\000i\000p}{section.10}% 79
\BOOKMARK [3][-]{subsubsection.10.2.1}{\376\377\0001\0000\000.\0002\000.\0001\000\040\000S\000e\000g\000r\000e\000g\000a\000t\000i\000o\000n\000\040\000o\000f\000\040\000S\000t\000a\000k\000e\000\040\000U\000T\000X\000O\000s}{subsection.10.2}% 80
\BOOKMARK [3][-]{subsubsection.10.2.2}{\376\377\0001\0000\000.\0002\000.\0002\000\040\000C\000o\000n\000s\000t\000r\000u\000c\000t\000i\000o\000n\000\040\000o\000f\000\040\000C\000o\000l\000l\000a\000t\000e\000r\000a\000l\000\040\000T\000x}{subsection.10.2}% 81
\BOOKMARK [3][-]{subsubsection.10.2.3}{\376\377\0001\0000\000.\0002\000.\0003\000\040\000N\000o\000t\000i\000n\000g\000\040\000A\000u\000t\000h\000o\000r\000i\000z\000e\000d\000\040\000T\000o\000k\000e\000n\000s}{subsection.10.2}% 82
\BOOKMARK [2][-]{subsection.10.3}{\376\377\0001\0000\000.\0003\000\040\000T\000r\000a\000n\000s\000a\000c\000t\000i\000o\000n\000\040\000S\000n\000i\000p}{section.10}% 83
\BOOKMARK [3][-]{subsubsection.10.3.1}{\376\377\0001\0000\000.\0003\000.\0001\000\040\000V\000a\000l\000i\000d\000a\000t\000e\000d\000-\000a\000u\000t\000h\000o\000r\000i\000z\000e\000d\000\040\000T\000x\000\040\000f\000r\000o\000m\000\040\000L\000o\000c\000a\000l\000\040\000M\000e\000m\000p\000o\000o\000l}{subsection.10.3}% 84
\BOOKMARK [3][-]{subsubsection.10.3.2}{\376\377\0001\0000\000.\0003\000.\0002\000\040\000T\000a\000x\000\040\000A\000s\000s\000i\000g\000n\000m\000e\000n\000t}{subsection.10.3}% 85
\BOOKMARK [3][-]{subsubsection.10.3.3}{\376\377\0001\0000\000.\0003\000.\0003\000\040\000T\000a\000x\000\040\000T\000x\000\040\000C\000o\000n\000s\000t\000r\000u\000c\000t\000i\000o\000n}{subsection.10.3}% 86
\BOOKMARK [2][-]{subsection.10.4}{\376\377\0001\0000\000.\0004\000\040\000C\000o\000i\000n\000b\000a\000s\000e\000\040\000S\000n\000i\000p}{section.10}% 87
\BOOKMARK [3][-]{subsubsection.10.4.1}{\376\377\0001\0000\000.\0004\000.\0001\000\040\000A\000c\000c\000e\000p\000t\000e\000d\000\040\000T\000o\000k\000e\000n\000\040\000T\000x\000\040\000C\000o\000n\000s\000t\000r\000u\000c\000t\000i\000o\000n}{subsection.10.4}% 88
\BOOKMARK [3][-]{subsubsection.10.4.2}{\376\377\0001\0000\000.\0004\000.\0002\000\040\000N\000o\000n\000-\000A\000c\000c\000e\000p\000t\000e\000d\000\040\000T\000o\000k\000e\000n\000\040\000T\000x\000\040\000C\000o\000n\000s\000t\000r\000u\000c\000t\000i\000o\000n}{subsection.10.4}% 89
\BOOKMARK [1][-]{section.11}{\376\377\0001\0001\000\040\000P\000r\000u\000n\000i\000n\000g\000\040\000U\000T\000X\000O\000s}{}% 90
\BOOKMARK [2][-]{subsection.11.1}{\376\377\0001\0001\000.\0001\000\040\000E\000x\000p\000i\000r\000a\000t\000i\000o\000n\000\040\000\046\000\040\000F\000i\000n\000g\000e\000r\000p\000r\000i\000n\000t\000\040\000R\000e\000p\000l\000a\000c\000e\000m\000e\000n\000t}{section.11}% 91
\BOOKMARK [2][-]{subsection.11.2}{\376\377\0001\0001\000.\0002\000\040\000C\000e\000n\000t\000r\000a\000l\000i\000z\000e\000d\000\040\000S\000t\000o\000r\000a\000g\000e\000\040\000B\000o\000i\000l\000e\000r\000p\000l\000a\000t\000e}{section.11}% 92
