\BOOKMARK [1][-]{section.1}{\376\377\0001\000\040\000T\000o\000k\000e\000n\000\040\000S\000h\000o\000r\000t\000-\000D\000e\000t\000a\000i\000l\000s}{}% 1
\BOOKMARK [1][-]{section.2}{\376\377\0002\000\040\000T\000o\000k\000e\000n\000\040\000T\000y\000p\000e}{}% 2
\BOOKMARK [1][-]{section.3}{\376\377\0003\000\040\000T\000e\000c\000h\000n\000i\000c\000a\000l\000\040\000S\000t\000a\000n\000d\000a\000r\000d}{}% 3
\BOOKMARK [2][-]{subsection.3.1}{\376\377\0003\000.\0001\000\040\000E\000R\000C\0002\0000}{section.3}% 4
\BOOKMARK [2][-]{subsection.3.2}{\376\377\0003\000.\0002\000\040\000B\000r\000i\000d\000g\000e\000\040\000t\000o\000\040\000B\000l\000i\000n\000k\000c\000h\000a\000i\000n}{section.3}% 5
\BOOKMARK [1][-]{section.4}{\376\377\0004\000\040\000T\000o\000k\000e\000n\000\040\000S\000u\000p\000p\000l\000y}{}% 6
\BOOKMARK [2][-]{subsection.4.1}{\376\377\0004\000.\0001\000\040\000I\000n\000f\000l\000a\000t\000i\000o\000n\000\040\000M\000o\000d\000e\000l}{section.4}% 7
\BOOKMARK [1][-]{section.5}{\376\377\0005\000\040\000T\000o\000k\000e\000n\000\040\000S\000a\000l\000e}{}% 8
\BOOKMARK [2][-]{subsection.5.1}{\376\377\0005\000.\0001\000\040\000P\000r\000i\000v\000a\000t\000e\000\040\000S\000a\000l\000e}{section.5}% 9
\BOOKMARK [2][-]{subsection.5.2}{\376\377\0005\000.\0002\000\040\000P\000u\000b\000l\000i\000c\000\040\000S\000a\000l\000e}{section.5}% 10
\BOOKMARK [3][-]{subsubsection.5.2.1}{\376\377\0005\000.\0002\000.\0001\000\040\000I\000n\000i\000t\000i\000a\000l\000\040\000I\000s\000s\000u\000e\000\040\000P\000r\000i\000c\000e}{subsection.5.2}% 11
\BOOKMARK [3][-]{subsubsection.5.2.2}{\376\377\0005\000.\0002\000.\0002\000\040\000S\000t\000a\000n\000d\000a\000r\000d\000\040\000C\000u\000r\000r\000e\000n\000c\000y}{subsection.5.2}% 12
\BOOKMARK [3][-]{subsubsection.5.2.3}{\376\377\0005\000.\0002\000.\0003\000\040\000C\000u\000r\000r\000e\000n\000c\000y\000\040\000A\000c\000c\000e\000p\000t\000a\000n\000c\000e}{subsection.5.2}% 13
\BOOKMARK [3][-]{subsubsection.5.2.4}{\376\377\0005\000.\0002\000.\0004\000\040\000S\000o\000f\000t\000\040\000C\000a\000p}{subsection.5.2}% 14
\BOOKMARK [1][-]{section.6}{\376\377\0006\000\040\000T\000o\000k\000e\000n\000\040\000A\000l\000l\000o\000c\000a\000t\000i\000o\000n}{}% 15
\BOOKMARK [1][-]{section.7}{\376\377\0007\000\040\000V\000e\000s\000t\000i\000n\000g\000\040\000P\000e\000r\000i\000o\000d}{}% 16
\BOOKMARK [2][-]{subsection.7.1}{\376\377\0007\000.\0001\000\040\000N\000o\000n\000-\000V\000e\000s\000t\000e\000d\000\040\000D\000i\000s\000t\000r\000i\000b\000u\000t\000i\000o\000n}{section.7}% 17
\BOOKMARK [1][-]{section.8}{\376\377\0008\000\040\000U\000s\000e\000\040\000o\000f\000\040\000S\000a\000l\000e\000\040\000P\000r\000o\000c\000e\000e\000d\000s}{}% 18
\BOOKMARK [2][-]{subsection.8.1}{\376\377\0008\000.\0001\000\040\000C\000a\000p\000i\000t\000a\000l\000\040\000C\000o\000l\000l\000e\000c\000t\000e\000d}{section.8}% 19
\BOOKMARK [2][-]{subsection.8.2}{\376\377\0008\000.\0002\000\040\000T\000e\000c\000h\000n\000i\000c\000a\000l}{section.8}% 20
\BOOKMARK [2][-]{subsection.8.3}{\376\377\0008\000.\0003\000\040\000N\000o\000n\000-\000T\000e\000c\000h\000n\000i\000c\000a\000l}{section.8}% 21
